<?xml version="1.0" encoding="UTF-8"?>
<testsuite xmlns:xsi="http://www.w3.org/2001/XMLSchema-instance" xsi:noNamespaceSchemaLocation="https://maven.apache.org/surefire/maven-surefire-plugin/xsd/surefire-test-report-3.0.xsd" version="3.0" name="com.kecheng.market.MysqlPersistenceIntegrationTest" time="0.001" tests="7" errors="0" skipped="7" failures="0">
  <properties>
[...]
</properties>
  <testcase name="adminGoodsModerationPersistsInMysql" classname="com.kecheng.market.MysqlPersistenceIntegrationTest" time="0.0">
    <skipped message="disabledWithoutDocker is true and Docker is not available"/>
    <system-out><![CDATA[2026-04-25T16:52:13.836+08:00  INFO 104956 --- [kecheng-market-backend] [           main] .t.d.DockerMachineClientProviderStrategy : docker-machine executable was not found on PATH ([C:\Users\Administrator\.codex\tmp\arg0\codex-arg0ywdj0N, F:\VM\bin\, C:\Windows\system32, C:\Windows, C:\Windows\System32\Wbem, C:\Windows\System32\WindowsPowerShell\v1.0\, C:\Windows\System32\OpenSSH\, E:\java_jdk\bin, E:\nvm\nvm\v16.14.0, E:\nvm\nvm, E:\rep\nodejs, E:\jdk1.8\bin, C:\Program Files\Git\cmd, C:\Program Files\Git\bin, C:\Program Files\Git\cmd, F:\????????\, F:\????????\Xftp??????\, C:\Users\Administrator\.local\bin, C:\Users\Administrator\AppData\Local\Programs\Python\Python311\Scripts\, C:\Users\Administrator\AppData\Local\Programs\Python\Python311\, D:\Python\Scripts\, D:\Python\, C:\Users\Administrator\AppData\Local\Microsoft\WindowsApps, E:\VScode\Microsoft VS Code\bin, E:\idea\IntelliJ IDEA 2025.3.1\bin, E:\java_jdk, F:\PHP\PhpStorm 2025.3.1.1\bin, E:\nvm\nvm, E:\rep\nodejs, E:\nvm\nvm\v16.14.0, E:\jdk1.8\bin, C:\Program Files\Git\bin, C:\Program Files\Git\cmd, C:\Users\Administrator\AppData\Local\Programs\cursor\resources\app\bin, C:\Users\Administrator\.local\bin, , c:\Users\Administrator\.vscode\extensions\openai.chatgpt-26.422.21459-win32-x64\bin\windows-x86_64])
2026-04-25T16:52:13.837+08:00 ERROR 104956 --- [kecheng-market-backend] [           main] o.t.d.DockerClientProviderStrategy       : Could not find a valid Docker environment. Please check configuration. Attempted configurations were:
As no valid configuration was found, execution cannot continue.
See https://java.testcontainers.org/on_failure.html for more details.
]]></system-out>
  </testcase>
  <testcase name="adminUserDisableAndRecoveryPersistInMysql" classname="com.kecheng.market.MysqlPersistenceIntegrationTest" time="0.0">
    <skipped message="disabledWithoutDocker is true and Docker is not available"/>
  </testcase>
  <testcase name="markAllNotificationsReadPersistsInMysql" classname="com.kecheng.market.MysqlPersistenceIntegrationTest" time="0.0">
    <skipped message="disabledWithoutDocker is true and Docker is not available"/>
  </testcase>
  <testcase name="goodsFavoriteCommentAppointmentAndWantedFlowsPersistInMysql" classname="com.kecheng.market.MysqlPersistenceIntegrationTest" time="0.0">
    <skipped message="disabledWithoutDocker is true and Docker is not available"/>
  </testcase>
  <testcase name="homeAggregationEndpointUsesMysqlBackedData" classname="com.kecheng.market.MysqlPersistenceIntegrationTest" time="0.0">
    <skipped message="disabledWithoutDocker is true and Docker is not available"/>
  </testcase>
  <testcase name="registerLoginAndProfileUpdatePersistInMysql" classname="com.kecheng.market.MysqlPersistenceIntegrationTest" time="0.0">
    <skipped message="disabledWithoutDocker is true and Docker is not available"/>
  </testcase>
  <testcase name="adminAnnouncementLifecyclePersistsInMysql" classname="com.kecheng.market.MysqlPersistenceIntegrationTest" time="0.0">
    <skipped message="disabledWithoutDocker is true and Docker is not available"/>
  </testcase>
</testsuite>