<?xml version="1.0" encoding="UTF-8"?>
<testsuite xmlns:xsi="http://www.w3.org/2001/XMLSchema-instance" xsi:noNamespaceSchemaLocation="https://maven.apache.org/surefire/maven-surefire-plugin/xsd/surefire-test-report-3.0.xsd" version="3.0" name="com.kecheng.market.WantedApiIntegrationTest" time="0.31" tests="2" errors="0" skipped="0" failures="0">
  <properties>
[...]
</properties>
  <testcase name="wantedDetailShowsContactOnlyToLoggedInUsers" classname="com.kecheng.market.WantedApiIntegrationTest" time="0.13">
    <system-out><![CDATA[2026-04-25T16:52:13.856+08:00 DEBUG 104956 --- [kecheng-market-backend] [           main] .b.t.c.SpringBootTestContextBootstrapper : Neither @ContextConfiguration nor @ContextHierarchy found for test class [WantedApiIntegrationTest]: using SpringBootContextLoader
2026-04-25T16:52:13.857+08:00  INFO 104956 --- [kecheng-market-backend] [           main] t.c.s.AnnotationConfigContextLoaderUtils : Could not detect default configuration classes for test class [com.kecheng.market.WantedApiIntegrationTest]: WantedApiIntegrationTest does not declare any static, non-private, non-final, nested classes annotated with @Configuration.
2026-04-25T16:52:13.858+08:00 DEBUG 104956 --- [kecheng-market-backend] [           main] .b.t.c.SpringBootTestContextBootstrapper : Using ContextCustomizerFactory implementations for test class [WantedApiIntegrationTest]: [ImportsContextCustomizerFactory, ExcludeFilterContextCustomizerFactory, HttpGraphQlTesterContextCustomizerFactory, DuplicateJsonObjectContextCustomizerFactory, MockitoContextCustomizerFactory, TestRestTemplateContextCustomizerFactory, WebTestClientContextCustomizerFactory, DisableReactorResourceFactoryGlobalResourcesContextCustomizerFactory, OnFailureConditionReportContextCustomizerFactory, OverrideAutoConfigurationContextCustomizerFactory, ObservabilityContextCustomizerFactory, TypeExcludeFiltersContextCustomizerFactory, PropertyMappingContextCustomizerFactory, WebDriverContextCustomizerFactory, MockServerContainerContextCustomizerFactory, DynamicPropertiesContextCustomizerFactory]
2026-04-25T16:52:13.864+08:00 DEBUG 104956 --- [kecheng-market-backend] [           main] .b.t.c.SpringBootTestContextBootstrapper : Using ContextCustomizers for test class [WantedApiIntegrationTest]: [ImportsContextCustomizer, ExcludeFilterContextCustomizer, DuplicateJsonObjectContextCustomizer, MockitoContextCustomizer, TestRestTemplateContextCustomizer, DisableReactorResourceFactoryGlobalResourcesContextCustomizerCustomizer, OnFailureConditionReportContextCustomizer, DisableObservabilityContextCustomizer, PropertyMappingContextCustomizer, WebDriverContextCustomizer]
2026-04-25T16:52:13.866+08:00  INFO 104956 --- [kecheng-market-backend] [           main] .b.t.c.SpringBootTestContextBootstrapper : Found @SpringBootConfiguration com.kecheng.market.MarketApplication for test class com.kecheng.market.WantedApiIntegrationTest
2026-04-25T16:52:13.869+08:00 DEBUG 104956 --- [kecheng-market-backend] [           main] .b.t.c.SpringBootTestContextBootstrapper : Using TestExecutionListeners for test class [WantedApiIntegrationTest]: [ServletTestExecutionListener, DirtiesContextBeforeModesTestExecutionListener, ApplicationEventsTestExecutionListener, MockitoTestExecutionListener, DependencyInjectionTestExecutionListener, DirtiesContextTestExecutionListener, TransactionalTestExecutionListener, SqlScriptsTestExecutionListener, EventPublishingTestExecutionListener, ResetMocksTestExecutionListener, RestDocsTestExecutionListener, MockRestServiceServerResetTestExecutionListener, MockMvcPrintOnlyOnFailureTestExecutionListener, WebDriverTestExecutionListener, MockWebServiceServerTestExecutionListener]
2026-04-25T16:52:13.878+08:00 DEBUG 104956 --- [kecheng-market-backend] [           main] s.w.s.m.m.a.RequestMappingHandlerMapping : Mapped to com.kecheng.market.wanted.controller.WantedController#detail(Long)
2026-04-25T16:52:13.883+08:00 DEBUG 104956 --- [kecheng-market-backend] [           main] m.m.a.RequestResponseBodyMethodProcessor : Using 'application/json', given [application/json] and supported [application/json, application/*+json]
2026-04-25T16:52:13.916+08:00 DEBUG 104956 --- [kecheng-market-backend] [           main] m.m.a.RequestResponseBodyMethodProcessor : Writing [ApiResponse[code=200, message=success, data=WantedVo[id=1, title=求购二手台灯, budget=预算 30 元左右, category= (truncated)...]
2026-04-25T16:52:13.923+08:00  INFO 104956 --- [kecheng-market-backend] [           main] market.request                           : traceId=93c9f6f01b8b45cd8a8029e817745f79 method=GET path=/api/wanted/1 query=- clientIp=127.0.0.1 userId=- role=- access=ANONYMOUS action=Wanted detail httpStatus=200 bizCode=200 durationMs=45 message=-
2026-04-25T16:52:13.927+08:00 DEBUG 104956 --- [kecheng-market-backend] [           main] s.w.s.m.m.a.RequestMappingHandlerMapping : Mapped to com.kecheng.market.auth.controller.AuthController#login(LoginRequest)
2026-04-25T16:52:13.928+08:00 DEBUG 104956 --- [kecheng-market-backend] [           main] m.m.a.RequestResponseBodyMethodProcessor : Read "application/json;charset=UTF-8" to [LoginRequest[username=zhangsan, password=123456]]
2026-04-25T16:52:13.929+08:00 DEBUG 104956 --- [kecheng-market-backend] [           main] m.m.a.RequestResponseBodyMethodProcessor : Using 'application/json', given [application/json] and supported [application/json, application/*+json]
2026-04-25T16:52:13.930+08:00 DEBUG 104956 --- [kecheng-market-backend] [           main] m.m.a.RequestResponseBodyMethodProcessor : Writing [ApiResponse[code=200, message=success, data=LoginResponse[token=Mnx6aGFuZ3NhbnzlvKDkuIl8dXNlcnwxNzc3 (truncated)...]
2026-04-25T16:52:13.987+08:00  INFO 104956 --- [kecheng-market-backend] [           main] market.request                           : traceId=d8876ab91c584acda11f179b51f5c435 method=POST path=/api/auth/login query=- clientIp=127.0.0.1 userId=- role=- access=ANONYMOUS action=登录 httpStatus=200 bizCode=200 durationMs=61 message=-
2026-04-25T16:52:13.990+08:00  INFO 104956 --- [kecheng-market-backend] [           main] market.operation                         : traceId=d8876ab91c584acda11f179b51f5c435 operator=- role=- method=POST path=/api/auth/login action=登录 resultCode=200 durationMs=61
2026-04-25T16:52:13.994+08:00 DEBUG 104956 --- [kecheng-market-backend] [           main] s.w.s.m.m.a.RequestMappingHandlerMapping : Mapped to com.kecheng.market.wanted.controller.WantedController#detail(Long)
2026-04-25T16:52:13.996+08:00 DEBUG 104956 --- [kecheng-market-backend] [           main] m.m.a.RequestResponseBodyMethodProcessor : Using 'application/json', given [application/json] and supported [application/json, application/*+json]
2026-04-25T16:52:13.997+08:00 DEBUG 104956 --- [kecheng-market-backend] [           main] m.m.a.RequestResponseBodyMethodProcessor : Writing [ApiResponse[code=200, message=success, data=WantedVo[id=1, title=求购二手台灯, budget=预算 30 元左右, category= (truncated)...]
2026-04-25T16:52:13.998+08:00  INFO 104956 --- [kecheng-market-backend] [           main] market.request                           : traceId=282ebd28477944a18390301b8808423a method=GET path=/api/wanted/1 query=- clientIp=127.0.0.1 userId=2 role=user access=ANONYMOUS action=Wanted detail httpStatus=200 bizCode=200 durationMs=5 message=-
]]></system-out>
  </testcase>
  <testcase name="wantedCreateUpdateCloseReopenAndDeleteFlowWorks" classname="com.kecheng.market.WantedApiIntegrationTest" time="0.154">
    <system-out><![CDATA[2026-04-25T16:52:14.025+08:00 DEBUG 104956 --- [kecheng-market-backend] [           main] s.w.s.m.m.a.RequestMappingHandlerMapping : Mapped to com.kecheng.market.auth.controller.AuthController#login(LoginRequest)
2026-04-25T16:52:14.027+08:00 DEBUG 104956 --- [kecheng-market-backend] [           main] m.m.a.RequestResponseBodyMethodProcessor : Read "application/json;charset=UTF-8" to [LoginRequest[username=zhangsan, password=123456]]
2026-04-25T16:52:14.031+08:00 DEBUG 104956 --- [kecheng-market-backend] [           main] m.m.a.RequestResponseBodyMethodProcessor : Using 'application/json', given [application/json] and supported [application/json, application/*+json]
2026-04-25T16:52:14.031+08:00 DEBUG 104956 --- [kecheng-market-backend] [           main] m.m.a.RequestResponseBodyMethodProcessor : Writing [ApiResponse[code=200, message=success, data=LoginResponse[token=Mnx6aGFuZ3NhbnzlvKDkuIl8dXNlcnwxNzc3 (truncated)...]
2026-04-25T16:52:14.038+08:00  INFO 104956 --- [kecheng-market-backend] [           main] market.request                           : traceId=f4767c5d8ad5440a913bfbcf214c11b1 method=POST path=/api/auth/login query=- clientIp=127.0.0.1 userId=- role=- access=ANONYMOUS action=登录 httpStatus=200 bizCode=200 durationMs=12 message=-
2026-04-25T16:52:14.038+08:00  INFO 104956 --- [kecheng-market-backend] [           main] market.operation                         : traceId=f4767c5d8ad5440a913bfbcf214c11b1 operator=- role=- method=POST path=/api/auth/login action=登录 resultCode=200 durationMs=12
2026-04-25T16:52:14.040+08:00 DEBUG 104956 --- [kecheng-market-backend] [           main] s.w.s.m.m.a.RequestMappingHandlerMapping : Mapped to com.kecheng.market.wanted.controller.WantedController#create(CreateWantedRequest)
2026-04-25T16:52:14.051+08:00 DEBUG 104956 --- [kecheng-market-backend] [           main] m.m.a.RequestResponseBodyMethodProcessor : Read "application/json;charset=UTF-8" to [CreateWantedRequest[title=Looking for an algorithms textbook, budget=Budget around 35, category=书籍教材 (truncated)...]
2026-04-25T16:52:14.097+08:00 DEBUG 104956 --- [kecheng-market-backend] [           main] m.m.a.RequestResponseBodyMethodProcessor : Using 'application/json', given [application/json] and supported [application/json, application/*+json]
2026-04-25T16:52:14.097+08:00 DEBUG 104956 --- [kecheng-market-backend] [           main] m.m.a.RequestResponseBodyMethodProcessor : Writing [ApiResponse[code=200, message=success, data=WantedVo[id=4, title=Looking for an algorithms textbook, (truncated)...]
2026-04-25T16:52:14.099+08:00  INFO 104956 --- [kecheng-market-backend] [           main] market.request                           : traceId=7518f88b876e4bb08c95d4e4c5215140 method=POST path=/api/wanted query=- clientIp=127.0.0.1 userId=2 role=user access=LOGIN action=Create wanted post httpStatus=200 bizCode=200 durationMs=58 message=-
2026-04-25T16:52:14.099+08:00  INFO 104956 --- [kecheng-market-backend] [           main] market.operation                         : traceId=7518f88b876e4bb08c95d4e4c5215140 operator=2 role=user method=POST path=/api/wanted action=Create wanted post resultCode=200 durationMs=58
2026-04-25T16:52:14.103+08:00 DEBUG 104956 --- [kecheng-market-backend] [           main] s.w.s.m.m.a.RequestMappingHandlerMapping : Mapped to com.kecheng.market.wanted.controller.WantedController#update(Long, CreateWantedRequest)
2026-04-25T16:52:14.105+08:00 DEBUG 104956 --- [kecheng-market-backend] [           main] m.m.a.RequestResponseBodyMethodProcessor : Read "application/json;charset=UTF-8" to [CreateWantedRequest[title=Looking for an algorithms textbook second hand, budget=Budget around 40, c (truncated)...]
2026-04-25T16:52:14.111+08:00 DEBUG 104956 --- [kecheng-market-backend] [           main] m.m.a.RequestResponseBodyMethodProcessor : Using 'application/json', given [application/json] and supported [application/json, application/*+json]
2026-04-25T16:52:14.111+08:00 DEBUG 104956 --- [kecheng-market-backend] [           main] m.m.a.RequestResponseBodyMethodProcessor : Writing [ApiResponse[code=200, message=success, data=WantedVo[id=4, title=Looking for an algorithms textbook  (truncated)...]
2026-04-25T16:52:14.113+08:00  INFO 104956 --- [kecheng-market-backend] [           main] market.request                           : traceId=8df629204f904eb6ba02d9bb57c80b46 method=PUT path=/api/wanted/4 query=- clientIp=127.0.0.1 userId=2 role=user access=LOGIN action=Update wanted post httpStatus=200 bizCode=200 durationMs=10 message=-
2026-04-25T16:52:14.113+08:00  INFO 104956 --- [kecheng-market-backend] [           main] market.operation                         : traceId=8df629204f904eb6ba02d9bb57c80b46 operator=2 role=user method=PUT path=/api/wanted/4 action=Update wanted post resultCode=200 durationMs=10
2026-04-25T16:52:14.116+08:00 DEBUG 104956 --- [kecheng-market-backend] [           main] s.w.s.m.m.a.RequestMappingHandlerMapping : Mapped to com.kecheng.market.wanted.controller.WantedController#close(Long)
2026-04-25T16:52:14.124+08:00 DEBUG 104956 --- [kecheng-market-backend] [           main] m.m.a.RequestResponseBodyMethodProcessor : Using 'application/json', given [application/json] and supported [application/json, application/*+json]
2026-04-25T16:52:14.124+08:00 DEBUG 104956 --- [kecheng-market-backend] [           main] m.m.a.RequestResponseBodyMethodProcessor : Writing [ApiResponse[code=200, message=success, data=WantedVo[id=4, title=Looking for an algorithms textbook  (truncated)...]
2026-04-25T16:52:14.126+08:00  INFO 104956 --- [kecheng-market-backend] [           main] market.request                           : traceId=d6520d84c94948faafc906896f48704e method=PUT path=/api/wanted/4/close query=- clientIp=127.0.0.1 userId=2 role=user access=LOGIN action=Close wanted post httpStatus=200 bizCode=200 durationMs=11 message=-
2026-04-25T16:52:14.126+08:00  INFO 104956 --- [kecheng-market-backend] [           main] market.operation                         : traceId=d6520d84c94948faafc906896f48704e operator=2 role=user method=PUT path=/api/wanted/4/close action=Close wanted post resultCode=200 durationMs=11
2026-04-25T16:52:14.129+08:00 DEBUG 104956 --- [kecheng-market-backend] [           main] s.w.s.m.m.a.RequestMappingHandlerMapping : Mapped to com.kecheng.market.wanted.controller.WantedController#reopen(Long)
2026-04-25T16:52:14.135+08:00 DEBUG 104956 --- [kecheng-market-backend] [           main] m.m.a.RequestResponseBodyMethodProcessor : Using 'application/json', given [application/json] and supported [application/json, application/*+json]
2026-04-25T16:52:14.136+08:00 DEBUG 104956 --- [kecheng-market-backend] [           main] m.m.a.RequestResponseBodyMethodProcessor : Writing [ApiResponse[code=200, message=success, data=WantedVo[id=4, title=Looking for an algorithms textbook  (truncated)...]
2026-04-25T16:52:14.136+08:00  INFO 104956 --- [kecheng-market-backend] [           main] market.request                           : traceId=f8d30997dd6a42d19f4aaed81fceb12c method=PUT path=/api/wanted/4/reopen query=- clientIp=127.0.0.1 userId=2 role=user access=LOGIN action=Reopen wanted post httpStatus=200 bizCode=200 durationMs=8 message=-
2026-04-25T16:52:14.137+08:00  INFO 104956 --- [kecheng-market-backend] [           main] market.operation                         : traceId=f8d30997dd6a42d19f4aaed81fceb12c operator=2 role=user method=PUT path=/api/wanted/4/reopen action=Reopen wanted post resultCode=200 durationMs=8
2026-04-25T16:52:14.140+08:00 DEBUG 104956 --- [kecheng-market-backend] [           main] s.w.s.m.m.a.RequestMappingHandlerMapping : Mapped to com.kecheng.market.wanted.controller.WantedController#delete(Long)
2026-04-25T16:52:14.148+08:00 DEBUG 104956 --- [kecheng-market-backend] [           main] m.m.a.RequestResponseBodyMethodProcessor : Using 'application/json', given [application/json] and supported [application/json, application/*+json]
2026-04-25T16:52:14.148+08:00 DEBUG 104956 --- [kecheng-market-backend] [           main] m.m.a.RequestResponseBodyMethodProcessor : Writing [ApiResponse[code=200, message=success, data=true]]
2026-04-25T16:52:14.149+08:00  INFO 104956 --- [kecheng-market-backend] [           main] market.request                           : traceId=2ec019a8da6346b092514baef23eebad method=DELETE path=/api/wanted/4 query=- clientIp=127.0.0.1 userId=2 role=user access=LOGIN action=Delete wanted post httpStatus=200 bizCode=200 durationMs=9 message=-
2026-04-25T16:52:14.149+08:00  INFO 104956 --- [kecheng-market-backend] [           main] market.operation                         : traceId=2ec019a8da6346b092514baef23eebad operator=2 role=user method=DELETE path=/api/wanted/4 action=Delete wanted post resultCode=200 durationMs=9
2026-04-25T16:52:14.152+08:00 DEBUG 104956 --- [kecheng-market-backend] [           main] s.w.s.m.m.a.RequestMappingHandlerMapping : Mapped to com.kecheng.market.user.controller.UserController#myWanted()
2026-04-25T16:52:14.157+08:00 DEBUG 104956 --- [kecheng-market-backend] [           main] m.m.a.RequestResponseBodyMethodProcessor : Using 'application/json', given [application/json] and supported [application/json, application/*+json]
2026-04-25T16:52:14.157+08:00 DEBUG 104956 --- [kecheng-market-backend] [           main] m.m.a.RequestResponseBodyMethodProcessor : Writing [ApiResponse[code=200, message=success, data=[WantedVo[id=2, title=求购四六级备考资料, budget=预算 20 元左右, categ (truncated)...]
2026-04-25T16:52:14.158+08:00  INFO 104956 --- [kecheng-market-backend] [           main] market.request                           : traceId=f388cd8101a84bffafdc004a684545a7 method=GET path=/api/users/me/wanted query=- clientIp=127.0.0.1 userId=2 role=user access=LOGIN action=Get wanted posts by current user httpStatus=200 bizCode=200 durationMs=7 message=-
]]></system-out>
  </testcase>
</testsuite>