<?xml version="1.0" encoding="UTF-8"?>
<testsuite xmlns:xsi="http://www.w3.org/2001/XMLSchema-instance" xsi:noNamespaceSchemaLocation="https://maven.apache.org/surefire/maven-surefire-plugin/xsd/surefire-test-report-3.0.xsd" version="3.0" name="com.kecheng.market.AuthAndUserApiIntegrationTest" time="0.313" tests="2" errors="0" skipped="0" failures="0">
  <properties>
[...]
</properties>
  <testcase name="loginSupportsStudentNumberAndRejectsDuplicateRegistration" classname="com.kecheng.market.AuthAndUserApiIntegrationTest" time="0.15">
    <system-out><![CDATA[2026-04-25T16:52:12.879+08:00 DEBUG 104956 --- [kecheng-market-backend] [           main] .b.t.c.SpringBootTestContextBootstrapper : Neither @ContextConfiguration nor @ContextHierarchy found for test class [AuthAndUserApiIntegrationTest]: using SpringBootContextLoader
2026-04-25T16:52:12.883+08:00  INFO 104956 --- [kecheng-market-backend] [           main] t.c.s.AnnotationConfigContextLoaderUtils : Could not detect default configuration classes for test class [com.kecheng.market.AuthAndUserApiIntegrationTest]: AuthAndUserApiIntegrationTest does not declare any static, non-private, non-final, nested classes annotated with @Configuration.
2026-04-25T16:52:12.885+08:00 DEBUG 104956 --- [kecheng-market-backend] [           main] .b.t.c.SpringBootTestContextBootstrapper : Using ContextCustomizerFactory implementations for test class [AuthAndUserApiIntegrationTest]: [ImportsContextCustomizerFactory, ExcludeFilterContextCustomizerFactory, HttpGraphQlTesterContextCustomizerFactory, DuplicateJsonObjectContextCustomizerFactory, MockitoContextCustomizerFactory, TestRestTemplateContextCustomizerFactory, WebTestClientContextCustomizerFactory, DisableReactorResourceFactoryGlobalResourcesContextCustomizerFactory, OnFailureConditionReportContextCustomizerFactory, OverrideAutoConfigurationContextCustomizerFactory, ObservabilityContextCustomizerFactory, TypeExcludeFiltersContextCustomizerFactory, PropertyMappingContextCustomizerFactory, WebDriverContextCustomizerFactory, MockServerContainerContextCustomizerFactory, DynamicPropertiesContextCustomizerFactory]
2026-04-25T16:52:12.896+08:00 DEBUG 104956 --- [kecheng-market-backend] [           main] .b.t.c.SpringBootTestContextBootstrapper : Using ContextCustomizers for test class [AuthAndUserApiIntegrationTest]: [ImportsContextCustomizer, ExcludeFilterContextCustomizer, DuplicateJsonObjectContextCustomizer, MockitoContextCustomizer, TestRestTemplateContextCustomizer, DisableReactorResourceFactoryGlobalResourcesContextCustomizerCustomizer, OnFailureConditionReportContextCustomizer, DisableObservabilityContextCustomizer, PropertyMappingContextCustomizer, WebDriverContextCustomizer]
2026-04-25T16:52:12.898+08:00  INFO 104956 --- [kecheng-market-backend] [           main] .b.t.c.SpringBootTestContextBootstrapper : Found @SpringBootConfiguration com.kecheng.market.MarketApplication for test class com.kecheng.market.AuthAndUserApiIntegrationTest
2026-04-25T16:52:12.903+08:00 DEBUG 104956 --- [kecheng-market-backend] [           main] .b.t.c.SpringBootTestContextBootstrapper : Using TestExecutionListeners for test class [AuthAndUserApiIntegrationTest]: [ServletTestExecutionListener, DirtiesContextBeforeModesTestExecutionListener, ApplicationEventsTestExecutionListener, MockitoTestExecutionListener, DependencyInjectionTestExecutionListener, DirtiesContextTestExecutionListener, TransactionalTestExecutionListener, SqlScriptsTestExecutionListener, EventPublishingTestExecutionListener, ResetMocksTestExecutionListener, RestDocsTestExecutionListener, MockRestServiceServerResetTestExecutionListener, MockMvcPrintOnlyOnFailureTestExecutionListener, WebDriverTestExecutionListener, MockWebServiceServerTestExecutionListener]
2026-04-25T16:52:12.925+08:00 DEBUG 104956 --- [kecheng-market-backend] [           main] s.w.s.m.m.a.RequestMappingHandlerMapping : Mapped to com.kecheng.market.user.controller.UserController#currentUser()
2026-04-25T16:52:12.928+08:00 DEBUG 104956 --- [kecheng-market-backend] [           main] .m.m.a.ExceptionHandlerExceptionResolver : Using @ExceptionHandler com.kecheng.market.common.handler.GlobalExceptionHandler#handleBusinessException(BusinessException, HttpServletRequest)
2026-04-25T16:52:12.929+08:00  WARN 104956 --- [kecheng-market-backend] [           main] c.k.m.c.handler.GlobalExceptionHandler   : Business exception traceId=455ffad6a180464696f6085e6f65782e method=GET path=/api/users/me code=401 message=请先登录后再访问该接口
2026-04-25T16:52:12.931+08:00 DEBUG 104956 --- [kecheng-market-backend] [           main] m.m.a.RequestResponseBodyMethodProcessor : Using 'application/json', given [application/json] and supported [application/json, application/*+json]
2026-04-25T16:52:12.932+08:00 DEBUG 104956 --- [kecheng-market-backend] [           main] m.m.a.RequestResponseBodyMethodProcessor : Writing [ApiResponse[code=401, message=请先登录后再访问该接口, data=null]]
2026-04-25T16:52:12.933+08:00 DEBUG 104956 --- [kecheng-market-backend] [           main] .m.m.a.ExceptionHandlerExceptionResolver : Resolved [com.kecheng.market.common.exception.UnauthorizedException: 请先登录后再访问该接口]
2026-04-25T16:52:12.934+08:00  INFO 104956 --- [kecheng-market-backend] [           main] market.request                           : traceId=455ffad6a180464696f6085e6f65782e method=GET path=/api/users/me query=- clientIp=127.0.0.1 userId=- role=- access=LOGIN action=Get current user profile httpStatus=200 bizCode=401 durationMs=9 message=请先登录后再访问该接口
2026-04-25T16:52:12.939+08:00 DEBUG 104956 --- [kecheng-market-backend] [           main] s.w.s.m.m.a.RequestMappingHandlerMapping : Mapped to com.kecheng.market.auth.controller.AuthController#login(LoginRequest)
2026-04-25T16:52:12.942+08:00 DEBUG 104956 --- [kecheng-market-backend] [           main] m.m.a.RequestResponseBodyMethodProcessor : Read "application/json;charset=UTF-8" to [LoginRequest[username=20230001, password=123456]]
2026-04-25T16:52:12.946+08:00 DEBUG 104956 --- [kecheng-market-backend] [           main] m.m.a.RequestResponseBodyMethodProcessor : Using 'application/json', given [application/json] and supported [application/json, application/*+json]
2026-04-25T16:52:12.946+08:00 DEBUG 104956 --- [kecheng-market-backend] [           main] m.m.a.RequestResponseBodyMethodProcessor : Writing [ApiResponse[code=200, message=success, data=LoginResponse[token=Mnx6aGFuZ3NhbnzlvKDkuIl8dXNlcnwxNzc3 (truncated)...]
2026-04-25T16:52:12.948+08:00  INFO 104956 --- [kecheng-market-backend] [           main] market.request                           : traceId=dbb0e0d8982c41ff951d0f678d62ce8c method=POST path=/api/auth/login query=- clientIp=127.0.0.1 userId=- role=- access=ANONYMOUS action=登录 httpStatus=200 bizCode=200 durationMs=10 message=-
2026-04-25T16:52:12.948+08:00  INFO 104956 --- [kecheng-market-backend] [           main] market.operation                         : traceId=dbb0e0d8982c41ff951d0f678d62ce8c operator=- role=- method=POST path=/api/auth/login action=登录 resultCode=200 durationMs=10
2026-04-25T16:52:12.954+08:00 DEBUG 104956 --- [kecheng-market-backend] [           main] s.w.s.m.m.a.RequestMappingHandlerMapping : Mapped to com.kecheng.market.auth.controller.AuthController#register(RegisterRequest)
2026-04-25T16:52:12.962+08:00 DEBUG 104956 --- [kecheng-market-backend] [           main] m.m.a.RequestResponseBodyMethodProcessor : Read "application/json;charset=UTF-8" to [RegisterRequest[username=repeat-user, nickname=Repeat User, password=secret123, confirmPassword=secr (truncated)...]
2026-04-25T16:52:13.002+08:00 DEBUG 104956 --- [kecheng-market-backend] [           main] m.m.a.RequestResponseBodyMethodProcessor : Using 'application/json', given [application/json] and supported [application/json, application/*+json]
2026-04-25T16:52:13.003+08:00 DEBUG 104956 --- [kecheng-market-backend] [           main] m.m.a.RequestResponseBodyMethodProcessor : Writing [ApiResponse[code=200, message=注册成功, data=UserProfileVo[id=11, name=Repeat User, role=user, school=Ke (truncated)...]
2026-04-25T16:52:13.007+08:00  INFO 104956 --- [kecheng-market-backend] [           main] market.request                           : traceId=137e993959ba4504b4faa2d1dde7edab method=POST path=/api/auth/register query=- clientIp=127.0.0.1 userId=- role=- access=ANONYMOUS action=注册 httpStatus=200 bizCode=200 durationMs=51 message=-
2026-04-25T16:52:13.008+08:00  INFO 104956 --- [kecheng-market-backend] [           main] market.operation                         : traceId=137e993959ba4504b4faa2d1dde7edab operator=- role=- method=POST path=/api/auth/register action=注册 resultCode=200 durationMs=51
2026-04-25T16:52:13.016+08:00 DEBUG 104956 --- [kecheng-market-backend] [           main] s.w.s.m.m.a.RequestMappingHandlerMapping : Mapped to com.kecheng.market.auth.controller.AuthController#register(RegisterRequest)
2026-04-25T16:52:13.017+08:00 DEBUG 104956 --- [kecheng-market-backend] [           main] m.m.a.RequestResponseBodyMethodProcessor : Read "application/json;charset=UTF-8" to [RegisterRequest[username=repeat-user, nickname=Repeat User, password=secret123, confirmPassword=secr (truncated)...]
2026-04-25T16:52:13.020+08:00 DEBUG 104956 --- [kecheng-market-backend] [           main] .m.m.a.ExceptionHandlerExceptionResolver : Using @ExceptionHandler com.kecheng.market.common.handler.GlobalExceptionHandler#handleBusinessException(BusinessException, HttpServletRequest)
2026-04-25T16:52:13.021+08:00  WARN 104956 --- [kecheng-market-backend] [           main] c.k.m.c.handler.GlobalExceptionHandler   : Business exception traceId=6f1c6386a9ac4a12849fcdbc08a14046 method=POST path=/api/auth/register code=400 message=Username, student number or phone already exists
2026-04-25T16:52:13.021+08:00 DEBUG 104956 --- [kecheng-market-backend] [           main] m.m.a.RequestResponseBodyMethodProcessor : Using 'application/json', given [application/json] and supported [application/json, application/*+json]
2026-04-25T16:52:13.022+08:00 DEBUG 104956 --- [kecheng-market-backend] [           main] m.m.a.RequestResponseBodyMethodProcessor : Writing [ApiResponse[code=400, message=Username, student number or phone already exists, data=null]]
2026-04-25T16:52:13.022+08:00 DEBUG 104956 --- [kecheng-market-backend] [           main] .m.m.a.ExceptionHandlerExceptionResolver : Resolved [com.kecheng.market.common.exception.BusinessException: Username, student number or phone already exists]
2026-04-25T16:52:13.023+08:00  INFO 104956 --- [kecheng-market-backend] [           main] market.request                           : traceId=6f1c6386a9ac4a12849fcdbc08a14046 method=POST path=/api/auth/register query=- clientIp=127.0.0.1 userId=- role=- access=ANONYMOUS action=注册 httpStatus=200 bizCode=400 durationMs=7 message=Username, student number or phone already exists
2026-04-25T16:52:13.024+08:00  INFO 104956 --- [kecheng-market-backend] [           main] market.operation                         : traceId=6f1c6386a9ac4a12849fcdbc08a14046 operator=- role=- method=POST path=/api/auth/register action=注册 resultCode=400 durationMs=7
]]></system-out>
  </testcase>
  <testcase name="registerLoginAndUpdateProfileFlowWorks" classname="com.kecheng.market.AuthAndUserApiIntegrationTest" time="0.123">
    <system-out><![CDATA[2026-04-25T16:52:13.073+08:00 DEBUG 104956 --- [kecheng-market-backend] [           main] s.w.s.m.m.a.RequestMappingHandlerMapping : Mapped to com.kecheng.market.auth.controller.AuthController#register(RegisterRequest)
2026-04-25T16:52:13.076+08:00 DEBUG 104956 --- [kecheng-market-backend] [           main] m.m.a.RequestResponseBodyMethodProcessor : Read "application/json;charset=UTF-8" to [RegisterRequest[username=user25942902547600, nickname=New User, password=secret123, confirmPassword= (truncated)...]
2026-04-25T16:52:13.081+08:00 DEBUG 104956 --- [kecheng-market-backend] [           main] m.m.a.RequestResponseBodyMethodProcessor : Using 'application/json', given [application/json] and supported [application/json, application/*+json]
2026-04-25T16:52:13.083+08:00 DEBUG 104956 --- [kecheng-market-backend] [           main] m.m.a.RequestResponseBodyMethodProcessor : Writing [ApiResponse[code=200, message=注册成功, data=UserProfileVo[id=11, name=New User, role=user, school=Keche (truncated)...]
2026-04-25T16:52:13.084+08:00  INFO 104956 --- [kecheng-market-backend] [           main] market.request                           : traceId=4abf7e86a2bb40d28a39bdaa89286325 method=POST path=/api/auth/register query=- clientIp=127.0.0.1 userId=- role=- access=ANONYMOUS action=注册 httpStatus=200 bizCode=200 durationMs=12 message=-
2026-04-25T16:52:13.084+08:00  INFO 104956 --- [kecheng-market-backend] [           main] market.operation                         : traceId=4abf7e86a2bb40d28a39bdaa89286325 operator=- role=- method=POST path=/api/auth/register action=注册 resultCode=200 durationMs=12
2026-04-25T16:52:13.089+08:00 DEBUG 104956 --- [kecheng-market-backend] [           main] s.w.s.m.m.a.RequestMappingHandlerMapping : Mapped to com.kecheng.market.auth.controller.AuthController#login(LoginRequest)
2026-04-25T16:52:13.090+08:00 DEBUG 104956 --- [kecheng-market-backend] [           main] m.m.a.RequestResponseBodyMethodProcessor : Read "application/json;charset=UTF-8" to [LoginRequest[username=user25942902547600, password=secret123]]
2026-04-25T16:52:13.091+08:00 DEBUG 104956 --- [kecheng-market-backend] [           main] m.m.a.RequestResponseBodyMethodProcessor : Using 'application/json', given [application/json] and supported [application/json, application/*+json]
2026-04-25T16:52:13.092+08:00 DEBUG 104956 --- [kecheng-market-backend] [           main] m.m.a.RequestResponseBodyMethodProcessor : Writing [ApiResponse[code=200, message=success, data=LoginResponse[token=MTF8dXNlcjI1OTQyOTAyNTQ3NjAwfE5ldyBV (truncated)...]
2026-04-25T16:52:13.093+08:00  INFO 104956 --- [kecheng-market-backend] [           main] market.request                           : traceId=9beef6ebe86a4036bb5757286c144eae method=POST path=/api/auth/login query=- clientIp=127.0.0.1 userId=- role=- access=ANONYMOUS action=登录 httpStatus=200 bizCode=200 durationMs=5 message=-
2026-04-25T16:52:13.094+08:00  INFO 104956 --- [kecheng-market-backend] [           main] market.operation                         : traceId=9beef6ebe86a4036bb5757286c144eae operator=- role=- method=POST path=/api/auth/login action=登录 resultCode=200 durationMs=5
2026-04-25T16:52:13.105+08:00 DEBUG 104956 --- [kecheng-market-backend] [           main] s.w.s.m.m.a.RequestMappingHandlerMapping : Mapped to com.kecheng.market.user.controller.UserController#currentUser()
2026-04-25T16:52:13.114+08:00 DEBUG 104956 --- [kecheng-market-backend] [           main] m.m.a.RequestResponseBodyMethodProcessor : Using 'application/json', given [application/json] and supported [application/json, application/*+json]
2026-04-25T16:52:13.114+08:00 DEBUG 104956 --- [kecheng-market-backend] [           main] m.m.a.RequestResponseBodyMethodProcessor : Writing [ApiResponse[code=200, message=success, data=UserProfileVo[id=11, name=New User, role=user, school=Ke (truncated)...]
2026-04-25T16:52:13.116+08:00  INFO 104956 --- [kecheng-market-backend] [           main] market.request                           : traceId=37a33f7f39fe4ff5b23607b3f607f74e method=GET path=/api/users/me query=- clientIp=127.0.0.1 userId=11 role=user access=LOGIN action=Get current user profile httpStatus=200 bizCode=200 durationMs=14 message=-
2026-04-25T16:52:13.138+08:00 DEBUG 104956 --- [kecheng-market-backend] [           main] s.w.s.m.m.a.RequestMappingHandlerMapping : Mapped to com.kecheng.market.user.controller.UserController#updateProfile(UpdateUserProfileRequest)
2026-04-25T16:52:13.144+08:00 DEBUG 104956 --- [kecheng-market-backend] [           main] m.m.a.RequestResponseBodyMethodProcessor : Read "application/json;charset=UTF-8" to [UpdateUserProfileRequest[name=Renamed User, phone=13900000000, qq=445566, slogan=Updated slogan]]
2026-04-25T16:52:13.175+08:00 DEBUG 104956 --- [kecheng-market-backend] [           main] m.m.a.RequestResponseBodyMethodProcessor : Using 'application/json', given [application/json] and supported [application/json, application/*+json]
2026-04-25T16:52:13.176+08:00 DEBUG 104956 --- [kecheng-market-backend] [           main] m.m.a.RequestResponseBodyMethodProcessor : Writing [ApiResponse[code=200, message=success, data=UserProfileVo[id=11, name=Renamed User, role=user, schoo (truncated)...]
2026-04-25T16:52:13.177+08:00  INFO 104956 --- [kecheng-market-backend] [           main] market.request                           : traceId=eff06790d76b45168d0a50e9873ff66d method=PUT path=/api/users/me query=- clientIp=127.0.0.1 userId=11 role=user access=LOGIN action=Update current user profile httpStatus=200 bizCode=200 durationMs=41 message=-
2026-04-25T16:52:13.177+08:00  INFO 104956 --- [kecheng-market-backend] [           main] market.operation                         : traceId=eff06790d76b45168d0a50e9873ff66d operator=11 role=user method=PUT path=/api/users/me action=Update current user profile resultCode=200 durationMs=41
]]></system-out>
  </testcase>
</testsuite>