<?xml version="1.0" encoding="UTF-8"?>
<testsuite xmlns:xsi="http://www.w3.org/2001/XMLSchema-instance" xsi:noNamespaceSchemaLocation="https://maven.apache.org/surefire/maven-surefire-plugin/xsd/surefire-test-report-3.0.xsd" version="3.0" name="com.kecheng.market.GoodsApiIntegrationTest" time="0.147" tests="1" errors="0" skipped="0" failures="0">
  <properties>
[...]
</properties>
  <testcase name="goodsPublishEditFavoriteCommentAndNotificationFlowWorks" classname="com.kecheng.market.GoodsApiIntegrationTest" time="0.122">
    <system-out><![CDATA[2026-04-25T16:52:13.193+08:00 DEBUG 104956 --- [kecheng-market-backend] [           main] .b.t.c.SpringBootTestContextBootstrapper : Neither @ContextConfiguration nor @ContextHierarchy found for test class [GoodsApiIntegrationTest]: using SpringBootContextLoader
2026-04-25T16:52:13.195+08:00  INFO 104956 --- [kecheng-market-backend] [           main] t.c.s.AnnotationConfigContextLoaderUtils : Could not detect default configuration classes for test class [com.kecheng.market.GoodsApiIntegrationTest]: GoodsApiIntegrationTest does not declare any static, non-private, non-final, nested classes annotated with @Configuration.
2026-04-25T16:52:13.200+08:00 DEBUG 104956 --- [kecheng-market-backend] [           main] .b.t.c.SpringBootTestContextBootstrapper : Using ContextCustomizerFactory implementations for test class [GoodsApiIntegrationTest]: [ImportsContextCustomizerFactory, ExcludeFilterContextCustomizerFactory, HttpGraphQlTesterContextCustomizerFactory, DuplicateJsonObjectContextCustomizerFactory, MockitoContextCustomizerFactory, TestRestTemplateContextCustomizerFactory, WebTestClientContextCustomizerFactory, DisableReactorResourceFactoryGlobalResourcesContextCustomizerFactory, OnFailureConditionReportContextCustomizerFactory, OverrideAutoConfigurationContextCustomizerFactory, ObservabilityContextCustomizerFactory, TypeExcludeFiltersContextCustomizerFactory, PropertyMappingContextCustomizerFactory, WebDriverContextCustomizerFactory, MockServerContainerContextCustomizerFactory, DynamicPropertiesContextCustomizerFactory]
2026-04-25T16:52:13.206+08:00 DEBUG 104956 --- [kecheng-market-backend] [           main] .b.t.c.SpringBootTestContextBootstrapper : Using ContextCustomizers for test class [GoodsApiIntegrationTest]: [ImportsContextCustomizer, ExcludeFilterContextCustomizer, DuplicateJsonObjectContextCustomizer, MockitoContextCustomizer, TestRestTemplateContextCustomizer, DisableReactorResourceFactoryGlobalResourcesContextCustomizerCustomizer, OnFailureConditionReportContextCustomizer, DisableObservabilityContextCustomizer, PropertyMappingContextCustomizer, WebDriverContextCustomizer]
2026-04-25T16:52:13.208+08:00  INFO 104956 --- [kecheng-market-backend] [           main] .b.t.c.SpringBootTestContextBootstrapper : Found @SpringBootConfiguration com.kecheng.market.MarketApplication for test class com.kecheng.market.GoodsApiIntegrationTest
2026-04-25T16:52:13.211+08:00 DEBUG 104956 --- [kecheng-market-backend] [           main] .b.t.c.SpringBootTestContextBootstrapper : Using TestExecutionListeners for test class [GoodsApiIntegrationTest]: [ServletTestExecutionListener, DirtiesContextBeforeModesTestExecutionListener, ApplicationEventsTestExecutionListener, MockitoTestExecutionListener, DependencyInjectionTestExecutionListener, DirtiesContextTestExecutionListener, TransactionalTestExecutionListener, SqlScriptsTestExecutionListener, EventPublishingTestExecutionListener, ResetMocksTestExecutionListener, RestDocsTestExecutionListener, MockRestServiceServerResetTestExecutionListener, MockMvcPrintOnlyOnFailureTestExecutionListener, WebDriverTestExecutionListener, MockWebServiceServerTestExecutionListener]
2026-04-25T16:52:13.220+08:00 DEBUG 104956 --- [kecheng-market-backend] [           main] s.w.s.m.m.a.RequestMappingHandlerMapping : Mapped to com.kecheng.market.auth.controller.AuthController#login(LoginRequest)
2026-04-25T16:52:13.222+08:00 DEBUG 104956 --- [kecheng-market-backend] [           main] m.m.a.RequestResponseBodyMethodProcessor : Read "application/json;charset=UTF-8" to [LoginRequest[username=zhangsan, password=123456]]
2026-04-25T16:52:13.223+08:00 DEBUG 104956 --- [kecheng-market-backend] [           main] m.m.a.RequestResponseBodyMethodProcessor : Using 'application/json', given [application/json] and supported [application/json, application/*+json]
2026-04-25T16:52:13.224+08:00 DEBUG 104956 --- [kecheng-market-backend] [           main] m.m.a.RequestResponseBodyMethodProcessor : Writing [ApiResponse[code=200, message=success, data=LoginResponse[token=Mnx6aGFuZ3NhbnzlvKDkuIl8dXNlcnwxNzc3 (truncated)...]
2026-04-25T16:52:13.226+08:00  INFO 104956 --- [kecheng-market-backend] [           main] market.request                           : traceId=7550fe56ca4e4235a8c5645d19eb4c28 method=POST path=/api/auth/login query=- clientIp=127.0.0.1 userId=- role=- access=ANONYMOUS action=登录 httpStatus=200 bizCode=200 durationMs=5 message=-
2026-04-25T16:52:13.226+08:00  INFO 104956 --- [kecheng-market-backend] [           main] market.operation                         : traceId=7550fe56ca4e4235a8c5645d19eb4c28 operator=- role=- method=POST path=/api/auth/login action=登录 resultCode=200 durationMs=5
2026-04-25T16:52:13.228+08:00 DEBUG 104956 --- [kecheng-market-backend] [           main] s.w.s.m.m.a.RequestMappingHandlerMapping : Mapped to com.kecheng.market.auth.controller.AuthController#login(LoginRequest)
2026-04-25T16:52:13.229+08:00 DEBUG 104956 --- [kecheng-market-backend] [           main] m.m.a.RequestResponseBodyMethodProcessor : Read "application/json;charset=UTF-8" to [LoginRequest[username=lisi, password=123456]]
2026-04-25T16:52:13.230+08:00 DEBUG 104956 --- [kecheng-market-backend] [           main] m.m.a.RequestResponseBodyMethodProcessor : Using 'application/json', given [application/json] and supported [application/json, application/*+json]
2026-04-25T16:52:13.230+08:00 DEBUG 104956 --- [kecheng-market-backend] [           main] m.m.a.RequestResponseBodyMethodProcessor : Writing [ApiResponse[code=200, message=success, data=LoginResponse[token=M3xsaXNpfOadjuWbm3x1c2VyfDE3NzcxOTM1 (truncated)...]
2026-04-25T16:52:13.231+08:00  INFO 104956 --- [kecheng-market-backend] [           main] market.request                           : traceId=61905723071d4841bdd7f7099cb3f767 method=POST path=/api/auth/login query=- clientIp=127.0.0.1 userId=- role=- access=ANONYMOUS action=登录 httpStatus=200 bizCode=200 durationMs=3 message=-
2026-04-25T16:52:13.232+08:00  INFO 104956 --- [kecheng-market-backend] [           main] market.operation                         : traceId=61905723071d4841bdd7f7099cb3f767 operator=- role=- method=POST path=/api/auth/login action=登录 resultCode=200 durationMs=3
2026-04-25T16:52:13.234+08:00 DEBUG 104956 --- [kecheng-market-backend] [           main] s.w.s.m.m.a.RequestMappingHandlerMapping : Mapped to com.kecheng.market.goods.controller.GoodsController#create(CreateGoodsRequest)
2026-04-25T16:52:13.235+08:00 DEBUG 104956 --- [kecheng-market-backend] [           main] m.m.a.RequestResponseBodyMethodProcessor : Read "application/json;charset=UTF-8" to [CreateGoodsRequest[title=Portable Mouse, price=88.50, originalPrice=149.00, category=数码产品, campus=No (truncated)...]
2026-04-25T16:52:13.244+08:00 DEBUG 104956 --- [kecheng-market-backend] [           main] m.m.a.RequestResponseBodyMethodProcessor : Using 'application/json', given [application/json] and supported [application/json, application/*+json]
2026-04-25T16:52:13.245+08:00 DEBUG 104956 --- [kecheng-market-backend] [           main] m.m.a.RequestResponseBodyMethodProcessor : Writing [ApiResponse[code=200, message=success, data=GoodsVo[id=5, sellerId=2, title=Portable Mouse, price=88 (truncated)...]
2026-04-25T16:52:13.247+08:00  INFO 104956 --- [kecheng-market-backend] [           main] market.request                           : traceId=2eec70c1ee714032b793726830dd86f3 method=POST path=/api/goods query=- clientIp=127.0.0.1 userId=2 role=user access=LOGIN action=Create goods httpStatus=200 bizCode=200 durationMs=12 message=-
2026-04-25T16:52:13.247+08:00  INFO 104956 --- [kecheng-market-backend] [           main] market.operation                         : traceId=2eec70c1ee714032b793726830dd86f3 operator=2 role=user method=POST path=/api/goods action=Create goods resultCode=200 durationMs=12
2026-04-25T16:52:13.251+08:00 DEBUG 104956 --- [kecheng-market-backend] [           main] s.w.s.m.m.a.RequestMappingHandlerMapping : Mapped to com.kecheng.market.goods.controller.GoodsController#update(Long, CreateGoodsRequest)
2026-04-25T16:52:13.252+08:00 DEBUG 104956 --- [kecheng-market-backend] [           main] m.m.a.RequestResponseBodyMethodProcessor : Read "application/json;charset=UTF-8" to [CreateGoodsRequest[title=Portable Mouse Pro, price=79.00, originalPrice=149.00, category=数码产品, campu (truncated)...]
2026-04-25T16:52:13.260+08:00 DEBUG 104956 --- [kecheng-market-backend] [           main] m.m.a.RequestResponseBodyMethodProcessor : Using 'application/json', given [application/json] and supported [application/json, application/*+json]
2026-04-25T16:52:13.261+08:00 DEBUG 104956 --- [kecheng-market-backend] [           main] m.m.a.RequestResponseBodyMethodProcessor : Writing [ApiResponse[code=200, message=success, data=GoodsVo[id=5, sellerId=2, title=Portable Mouse Pro, pric (truncated)...]
2026-04-25T16:52:13.262+08:00  INFO 104956 --- [kecheng-market-backend] [           main] market.request                           : traceId=c646b558bff8427f8cb6ee56b9df7cbc method=PUT path=/api/goods/5 query=- clientIp=127.0.0.1 userId=2 role=user access=LOGIN action=Update goods httpStatus=200 bizCode=200 durationMs=11 message=-
2026-04-25T16:52:13.262+08:00  INFO 104956 --- [kecheng-market-backend] [           main] market.operation                         : traceId=c646b558bff8427f8cb6ee56b9df7cbc operator=2 role=user method=PUT path=/api/goods/5 action=Update goods resultCode=200 durationMs=11
2026-04-25T16:52:13.265+08:00 DEBUG 104956 --- [kecheng-market-backend] [           main] s.w.s.m.m.a.RequestMappingHandlerMapping : Mapped to com.kecheng.market.goods.controller.GoodsController#toggleFavorite(Long)
2026-04-25T16:52:13.271+08:00 DEBUG 104956 --- [kecheng-market-backend] [           main] m.m.a.RequestResponseBodyMethodProcessor : Using 'application/json', given [application/json] and supported [application/json, application/*+json]
2026-04-25T16:52:13.272+08:00 DEBUG 104956 --- [kecheng-market-backend] [           main] m.m.a.RequestResponseBodyMethodProcessor : Writing [ApiResponse[code=200, message=success, data=true]]
2026-04-25T16:52:13.273+08:00  INFO 104956 --- [kecheng-market-backend] [           main] market.request                           : traceId=7658907ffdf6487c89f65f69e0fe8b1f method=POST path=/api/goods/5/favorite query=- clientIp=127.0.0.1 userId=3 role=user access=LOGIN action=Toggle favorite on goods detail httpStatus=200 bizCode=200 durationMs=8 message=-
2026-04-25T16:52:13.273+08:00  INFO 104956 --- [kecheng-market-backend] [           main] market.operation                         : traceId=7658907ffdf6487c89f65f69e0fe8b1f operator=3 role=user method=POST path=/api/goods/5/favorite action=Toggle favorite on goods detail resultCode=200 durationMs=8
2026-04-25T16:52:13.274+08:00 DEBUG 104956 --- [kecheng-market-backend] [           main] s.w.s.m.m.a.RequestMappingHandlerMapping : Mapped to com.kecheng.market.goods.controller.GoodsController#myFavorites()
2026-04-25T16:52:13.284+08:00 DEBUG 104956 --- [kecheng-market-backend] [           main] m.m.a.RequestResponseBodyMethodProcessor : Using 'application/json', given [application/json] and supported [application/json, application/*+json]
2026-04-25T16:52:13.284+08:00 DEBUG 104956 --- [kecheng-market-backend] [           main] m.m.a.RequestResponseBodyMethodProcessor : Writing [ApiResponse[code=200, message=success, data=[GoodsVo[id=1, sellerId=2, title=九成新机械键盘, price=120.00,  (truncated)...]
2026-04-25T16:52:13.286+08:00  INFO 104956 --- [kecheng-market-backend] [           main] market.request                           : traceId=6969b3e4c1cf437188a432326b874a59 method=GET path=/api/goods/favorites/me query=- clientIp=127.0.0.1 userId=3 role=user access=LOGIN action=Current user favorite goods httpStatus=200 bizCode=200 durationMs=13 message=-
2026-04-25T16:52:13.290+08:00 DEBUG 104956 --- [kecheng-market-backend] [           main] s.w.s.m.m.a.RequestMappingHandlerMapping : Mapped to com.kecheng.market.comment.controller.CommentController#add(CreateCommentRequest)
2026-04-25T16:52:13.295+08:00 DEBUG 104956 --- [kecheng-market-backend] [           main] m.m.a.RequestResponseBodyMethodProcessor : Read "application/json;charset=UTF-8" to [CreateCommentRequest[goodsId=5, content=Interested. Can you trade this weekend?]]
2026-04-25T16:52:13.307+08:00 DEBUG 104956 --- [kecheng-market-backend] [           main] m.m.a.RequestResponseBodyMethodProcessor : Using 'application/json', given [application/json] and supported [application/json, application/*+json]
2026-04-25T16:52:13.308+08:00 DEBUG 104956 --- [kecheng-market-backend] [           main] m.m.a.RequestResponseBodyMethodProcessor : Writing [ApiResponse[code=200, message=评论成功, data=CommentVo[id=11, goodsId=5, userId=3, userName=李四, content= (truncated)...]
2026-04-25T16:52:13.312+08:00  INFO 104956 --- [kecheng-market-backend] [           main] market.request                           : traceId=5f030189da964fc5ab12c9c89528f1ca method=POST path=/api/comments query=- clientIp=127.0.0.1 userId=3 role=user access=LOGIN action=新增评论 httpStatus=200 bizCode=200 durationMs=22 message=-
2026-04-25T16:52:13.312+08:00  INFO 104956 --- [kecheng-market-backend] [           main] market.operation                         : traceId=5f030189da964fc5ab12c9c89528f1ca operator=3 role=user method=POST path=/api/comments action=新增评论 resultCode=200 durationMs=22
2026-04-25T16:52:13.314+08:00 DEBUG 104956 --- [kecheng-market-backend] [           main] s.w.s.m.m.a.RequestMappingHandlerMapping : Mapped to com.kecheng.market.comment.controller.CommentController#list(Long)
2026-04-25T16:52:13.321+08:00 DEBUG 104956 --- [kecheng-market-backend] [           main] m.m.a.RequestResponseBodyMethodProcessor : Using 'application/json', given [application/json] and supported [application/json, application/*+json]
2026-04-25T16:52:13.321+08:00 DEBUG 104956 --- [kecheng-market-backend] [           main] m.m.a.RequestResponseBodyMethodProcessor : Writing [ApiResponse[code=200, message=success, data=[CommentVo[id=11, goodsId=5, userId=3, userName=李四, cont (truncated)...]
2026-04-25T16:52:13.323+08:00  INFO 104956 --- [kecheng-market-backend] [           main] market.request                           : traceId=4c6a64370862467381190b15cd1c4223 method=GET path=/api/comments query=goodsId=5 clientIp=127.0.0.1 userId=- role=- access=ANONYMOUS action=商品评论列表 httpStatus=200 bizCode=200 durationMs=7 message=-
2026-04-25T16:52:13.324+08:00 DEBUG 104956 --- [kecheng-market-backend] [           main] s.w.s.m.m.a.RequestMappingHandlerMapping : Mapped to com.kecheng.market.notification.controller.NotificationController#list()
2026-04-25T16:52:13.327+08:00 DEBUG 104956 --- [kecheng-market-backend] [           main] m.m.a.RequestResponseBodyMethodProcessor : Using 'application/json', given [application/json] and supported [application/json, application/*+json]
2026-04-25T16:52:13.327+08:00 DEBUG 104956 --- [kecheng-market-backend] [           main] m.m.a.RequestResponseBodyMethodProcessor : Writing [ApiResponse[code=200, message=success, data=[NotificationVo[id=24, title=商品收到新评论, content=李四 评论了你的商品 (truncated)...]
2026-04-25T16:52:13.331+08:00  INFO 104956 --- [kecheng-market-backend] [           main] market.request                           : traceId=977be053945d4c4d8252e2260a53ce65 method=GET path=/api/notifications query=- clientIp=127.0.0.1 userId=2 role=user access=LOGIN action=通知列表 httpStatus=200 bizCode=200 durationMs=6 message=-
]]></system-out>
  </testcase>
</testsuite>